\BOOKMARK [-1][-]{part.1}{I Ra\355ces de Funciones}{}% 1
\BOOKMARK [0][-]{chapter.1}{Tolerancias}{part.1}% 2
\BOOKMARK [1][-]{section.1.1}{Ideas}{chapter.1}% 3
\BOOKMARK [0][-]{chapter.2}{Bisecci\363n}{part.1}% 4
\BOOKMARK [1][-]{section.2.1}{Algoritmo}{chapter.2}% 5
\BOOKMARK [0][-]{chapter.3}{Punto Fijo}{part.1}% 6
\BOOKMARK [1][-]{section.3.1}{Ideas}{chapter.3}% 7
\BOOKMARK [2][-]{subsection.3.1.1}{\277C\363mo eligo a g\(x\)?}{section.3.1}% 8
\BOOKMARK [2][-]{subsection.3.1.2}{Propiedades}{section.3.1}% 9
\BOOKMARK [0][-]{chapter.4}{Newton}{part.1}% 10
\BOOKMARK [1][-]{section.4.1}{Definici\363n}{chapter.4}% 11
\BOOKMARK [2][-]{subsection.4.1.1}{De donde salio esta f\363rmula}{section.4.1}% 12
\BOOKMARK [2][-]{subsection.4.1.2}{Porque funciona}{section.4.1}% 13
\BOOKMARK [2][-]{subsection.4.1.3}{Geometr\355a}{section.4.1}% 14
\BOOKMARK [2][-]{subsection.4.1.4}{Usar Newton para calcular la [n]A}{section.4.1}% 15
\BOOKMARK [0][-]{chapter.5}{Secante}{part.1}% 16
\BOOKMARK [1][-]{section.5.1}{Definici\363n}{chapter.5}% 17
\BOOKMARK [0][-]{chapter.6}{Regla Falsa}{part.1}% 18
\BOOKMARK [1][-]{section.6.1}{Definici\363n}{chapter.6}% 19
\BOOKMARK [2][-]{subsection.6.1.1}{Iteraci\363n}{section.6.1}% 20
\BOOKMARK [-1][-]{part.2}{II Aproximar Sistemas de Ecuaciones NO lineales}{}% 21
\BOOKMARK [0][-]{chapter.7}{Ideas generales de ceros de funciones}{part.2}% 22
\BOOKMARK [1][-]{section.7.1}{Ideas}{chapter.7}% 23
\BOOKMARK [0][-]{chapter.8}{Newton Generalizado}{part.2}% 24
\BOOKMARK [1][-]{section.8.1}{Ideas}{chapter.8}% 25
\BOOKMARK [-1][-]{part.3}{III Interpolantes}{}% 26
\BOOKMARK [0][-]{chapter.9}{Ideas Generales}{part.3}% 27
\BOOKMARK [1][-]{section.9.1}{Definici\363n}{chapter.9}% 28
\BOOKMARK [0][-]{chapter.10}{Interpolante Lineal}{part.3}% 29
\BOOKMARK [1][-]{section.10.1}{Definici\363n}{chapter.10}% 30
\BOOKMARK [0][-]{chapter.11}{Interpolante Grado N}{part.3}% 31
\BOOKMARK [1][-]{section.11.1}{Definici\363n}{chapter.11}% 32
\BOOKMARK [0][-]{chapter.12}{Interpolante de Lagrange}{part.3}% 33
\BOOKMARK [1][-]{section.12.1}{Definici\363n}{chapter.12}% 34
\BOOKMARK [1][-]{section.12.2}{Polinomio de Langrange}{chapter.12}% 35
\BOOKMARK [0][-]{chapter.13}{Interpolante de Newton}{part.3}% 36
\BOOKMARK [1][-]{section.13.1}{Definici\363n}{chapter.13}% 37
\BOOKMARK [1][-]{section.13.2}{Diferencias Divididas}{chapter.13}% 38
\BOOKMARK [-1][-]{part.4}{IV Optimizaci\363n}{}% 39
\BOOKMARK [0][-]{chapter.14}{Secci\363n \301urea}{part.4}% 40
\BOOKMARK [1][-]{section.14.1}{Unimodal}{chapter.14}% 41
\BOOKMARK [1][-]{section.14.2}{Algoritmo}{chapter.14}% 42
